Initializing MockBattleSimulator...
Initializing NuzlockeGauntletEnv...
Initializing PPO Manager Agent...
Using cuda device
Wrapping the env with a `Monitor` wrapper
Wrapping the env in a DummyVecEnv.
Loading existing manager model from models/ppo_manager_v1...
Wrapping the env with a `Monitor` wrapper
Wrapping the env in a DummyVecEnv.
Starting training for 1000 steps...
Logging to ./tmp/manager/PPO_5
---------------------------------
| rollout/           |          |
|    ep_len_mean     | 1.32     |
|    ep_rew_mean     | -0.935   |
| time/              |          |
|    fps             | 1422     |
|    iterations      | 1        |
|    time_elapsed    | 1        |
|    total_timesteps | 2048     |
---------------------------------
 100% ━━━ 2,… [ 0:… < 0:… , 1,5… ]
                            it/s  
Training complete.
Saving manager model to models/ppo_manager_v1...
Model saved.
