2025-11-29 10:40:03,484 - Opponent - CRITICAL - Error message received: |nametaken|Opponent|Your authentication token was invalid.
2025-11-29 10:40:03,507 - Opponent - ERROR - Unhandled exception raised while handling message:
|nametaken|Opponent|Your authentication token was invalid.
Traceback (most recent call last):
  File "/home/tristan/CodingProjects/ai_pokemon/.venv/lib/python3.13/site-packages/poke_env/ps_client/ps_client.py", line 170, in _handle_message
    raise ShowdownException("Error message received: %s", message)
poke_env.exceptions.ShowdownException: ('Error message received: %s', '|nametaken|Opponent|Your authentication token was invalid.')
2025-11-29 10:40:03,508 - Agent - CRITICAL - Error message received: |nametaken|Agent|Your authentication token was invalid.
2025-11-29 10:40:03,508 - Agent - ERROR - Unhandled exception raised while handling message:
|nametaken|Agent|Your authentication token was invalid.
Traceback (most recent call last):
  File "/home/tristan/CodingProjects/ai_pokemon/.venv/lib/python3.13/site-packages/poke_env/ps_client/ps_client.py", line 170, in _handle_message
    raise ShowdownException("Error message received: %s", message)
poke_env.exceptions.ShowdownException: ('Error message received: %s', '|nametaken|Agent|Your authentication token was invalid.')
2025-11-29 10:40:03,509 - BattleEnv uobhc - CRITICAL - Error message received: |nametaken|BattleEnv uobhc|Your authentication token was invalid.
2025-11-29 10:40:03,509 - BattleEnv uobhc - ERROR - Unhandled exception raised while handling message:
|nametaken|BattleEnv uobhc|Your authentication token was invalid.
Traceback (most recent call last):
  File "/home/tristan/CodingProjects/ai_pokemon/.venv/lib/python3.13/site-packages/poke_env/ps_client/ps_client.py", line 170, in _handle_message
    raise ShowdownException("Error message received: %s", message)
poke_env.exceptions.ShowdownException: ('Error message received: %s', '|nametaken|BattleEnv uobhc|Your authentication token was invalid.')
/home/tristan/CodingProjects/ai_pokemon/.venv/lib/python3.13/site-packages/stable_baselines3/common/on_policy_algorithm.py:150: UserWarning: You are trying to run PPO on the GPU, but it is primarily intended to run on the CPU when not using a CNN policy (you are using ActorCriticPolicy which should be a MlpPolicy). See https://github.com/DLR-RM/stable-baselines3/issues/1245 for more info. You can pass `device='cpu'` or `export CUDA_VISIBLE_DEVICES=` to force using the CPU.Note: The model will train, but the GPU utilization will be poor and the training might take longer than on CPU.
  warnings.warn(
DEBUG: reset called on instance 140695382362832. _challenge_task: None
Observation Space Type: <class 'gymnasium.spaces.box.Box'>
Observation Space: Box(0.0, 1.0, (5,), float32)
Warning: Could not find agent loop to start challenge.
Using cuda device
Wrapping the env with a `Monitor` wrapper
Wrapping the env in a DummyVecEnv.
Starting training...
Training finished!
Traceback (most recent call last):
  File "/home/tristan/CodingProjects/ai_pokemon/train_battler.py", line 79, in <module>
    train()
    ~~~~~^^
  File "/home/tristan/CodingProjects/ai_pokemon/train_battler.py", line 70, in train
    model.learn(total_timesteps=10000)
    ~~~~~~~~~~~^^^^^^^^^^^^^^^^^^^^^^^
  File "/home/tristan/CodingProjects/ai_pokemon/.venv/lib/python3.13/site-packages/stable_baselines3/ppo/ppo.py", line 311, in learn
    return super().learn(
           ~~~~~~~~~~~~~^
        total_timesteps=total_timesteps,
        ^^^^^^^^^^^^^^^^^^^^^^^^^^^^^^^^
    ...<4 lines>...
        progress_bar=progress_bar,
        ^^^^^^^^^^^^^^^^^^^^^^^^^^
    )
    ^
  File "/home/tristan/CodingProjects/ai_pokemon/.venv/lib/python3.13/site-packages/stable_baselines3/common/on_policy_algorithm.py", line 311, in learn
    total_timesteps, callback = self._setup_learn(
                                ~~~~~~~~~~~~~~~~~^
        total_timesteps,
        ^^^^^^^^^^^^^^^^
    ...<3 lines>...
        progress_bar,
        ^^^^^^^^^^^^^
    )
    ^
  File "/home/tristan/CodingProjects/ai_pokemon/.venv/lib/python3.13/site-packages/stable_baselines3/common/base_class.py", line 423, in _setup_learn
    self._last_obs = self.env.reset()  # type: ignore[assignment]
                     ~~~~~~~~~~~~~~^^
  File "/home/tristan/CodingProjects/ai_pokemon/.venv/lib/python3.13/site-packages/stable_baselines3/common/vec_env/dummy_vec_env.py", line 78, in reset
    obs, self.reset_infos[env_idx] = self.envs[env_idx].reset(seed=self._seeds[env_idx], **maybe_options)
                                     ~~~~~~~~~~~~~~~~~~~~~~~~^^^^^^^^^^^^^^^^^^^^^^^^^^^^^^^^^^^^^^^^^^^^
  File "/home/tristan/CodingProjects/ai_pokemon/.venv/lib/python3.13/site-packages/stable_baselines3/common/monitor.py", line 83, in reset
    return self.env.reset(**kwargs)
           ~~~~~~~~~~~~~~^^^^^^^^^^
  File "/home/tristan/CodingProjects/ai_pokemon/.venv/lib/python3.13/site-packages/poke_env/environment/single_agent_wrapper.py", line 44, in reset
    obs, infos = self.env.reset(seed, options)
                 ~~~~~~~~~~~~~~^^^^^^^^^^^^^^^
  File "/home/tristan/CodingProjects/ai_pokemon/nuzlocke_gauntlet_rl/envs/battle_env.py", line 43, in reset
    return super().reset(seed=seed, options=options)
           ~~~~~~~~~~~~~^^^^^^^^^^^^^^^^^^^^^^^^^^^^
  File "/home/tristan/CodingProjects/ai_pokemon/.venv/lib/python3.13/site-packages/poke_env/environment/env.py", line 334, in reset
    raise RuntimeError("Agent is not challenging")
RuntimeError: Agent is not challenging
